<?xml version="1.0" encoding="UTF-8"?>
<testsuite name="com.detroitlabs.PlayMyJam.data.SongRepositoryTest" tests="1" skipped="0" failures="0" errors="0" timestamp="2022-03-30T20:41:31" hostname="RUQAYYAHs-MacBook-Pro.local" time="0.021">
  <properties/>
  <testcase name="findBySongTitle()" classname="com.detroitlabs.PlayMyJam.data.SongRepositoryTest" time="0.021"/>
  <system-out><![CDATA[Result song 1
]]></system-out>
  <system-err><![CDATA[]]></system-err>
</testsuite>
